7/1/2024 8:32:45 PM	This log contains information about the import schema operation into project 'CookinBlog.Database.Setup' on computer 'ZANWAYPC' by user 'ZAnway'.
7/1/2024 8:32:45 PM	Import of database schema has started.
7/1/2024 8:32:50 PM	Gathering database credentials
7/1/2024 8:32:50 PM	Gathering database options
7/1/2024 8:32:50 PM	Gathering generic database scoped configuration option
7/1/2024 8:32:50 PM	Gathering users
7/1/2024 8:32:50 PM	Gathering roles
7/1/2024 8:32:50 PM	Gathering application roles
7/1/2024 8:32:50 PM	Gathering role memberships
7/1/2024 8:32:50 PM	Gathering filegroups
7/1/2024 8:32:50 PM	Gathering full-text catalogs
7/1/2024 8:32:50 PM	Gathering assemblies
7/1/2024 8:32:50 PM	Gathering certificates
7/1/2024 8:32:50 PM	Gathering asymmetric keys
7/1/2024 8:32:50 PM	Gathering symmetric keys
7/1/2024 8:32:50 PM	Gathering encrypted symmetric keys
7/1/2024 8:32:50 PM	Gathering schemas
7/1/2024 8:32:50 PM	Gathering XML schema collections
7/1/2024 8:32:50 PM	Gathering user-defined data types
7/1/2024 8:32:50 PM	Gathering user-defined types
7/1/2024 8:32:50 PM	Gathering table types
7/1/2024 8:32:50 PM	Gathering unique keys for table types
7/1/2024 8:32:50 PM	Gathering primary keys for table types
7/1/2024 8:32:50 PM	Gathering indexes for table types
7/1/2024 8:32:50 PM	Gathering check constraints for table types
7/1/2024 8:32:50 PM	Gathering default constraints for table types
7/1/2024 8:32:50 PM	Gathering partition functions
7/1/2024 8:32:50 PM	Gathering partition schemes
7/1/2024 8:32:50 PM	Gathering functions
7/1/2024 8:32:50 PM	Gathering encrypted functions
7/1/2024 8:32:50 PM	Gathering aggregates
7/1/2024 8:32:50 PM	Gathering procedures
7/1/2024 8:32:50 PM	Gathering encrypted procedures
7/1/2024 8:32:50 PM	Gathering tables
7/1/2024 8:32:50 PM	Gathering primary keys
7/1/2024 8:32:50 PM	Gathering unique constraints
7/1/2024 8:32:50 PM	Gathering foreign keys
7/1/2024 8:32:50 PM	Gathering default constraints
7/1/2024 8:32:50 PM	Gathering check constraints
7/1/2024 8:32:50 PM	Gathering views
7/1/2024 8:32:51 PM	Gathering encrypted views
7/1/2024 8:32:51 PM	Gathering indexes
7/1/2024 8:32:51 PM	Gathering statistics
7/1/2024 8:32:51 PM	Gathering full-text index stoplists
7/1/2024 8:32:51 PM	Gathering search property lists
7/1/2024 8:32:51 PM	Gathering search properties
7/1/2024 8:32:51 PM	Gathering full-text indexes
7/1/2024 8:32:51 PM	Gathering column store indexes
7/1/2024 8:32:51 PM	Gathering spatial indexes
7/1/2024 8:32:51 PM	Gathering XML indexes
7/1/2024 8:32:51 PM	Gathering Selective XML indexes
7/1/2024 8:32:51 PM	Gathering encrypted triggers
7/1/2024 8:32:51 PM	Gathering triggers
7/1/2024 8:32:51 PM	Gathering encrypted and clr ddl triggers
7/1/2024 8:32:51 PM	Gathering ddl triggers
7/1/2024 8:32:51 PM	Creating edge constraints
7/1/2024 8:32:51 PM	Gathering synonyms
7/1/2024 8:32:51 PM	Gathering defaults
7/1/2024 8:32:51 PM	Gathering data constraint uddt bindings
7/1/2024 8:32:51 PM	Gathering rules
7/1/2024 8:32:51 PM	Gathering data constraint uddt bindings
7/1/2024 8:32:51 PM	Gathering message types
7/1/2024 8:32:51 PM	Gathering queues
7/1/2024 8:32:51 PM	Gathering contracts
7/1/2024 8:32:51 PM	Gathering services
7/1/2024 8:32:51 PM	Gathering event notifications
7/1/2024 8:32:51 PM	Gathering remote service bindings
7/1/2024 8:32:51 PM	Gathering broker priorities
7/1/2024 8:32:51 PM	Gathering signatures
7/1/2024 8:32:51 PM	Gathering compression options
7/1/2024 8:32:51 PM	Gathering sequence types
7/1/2024 8:32:51 PM	Gathering security policies
7/1/2024 8:32:51 PM	Gather column encryption keys
7/1/2024 8:32:51 PM	Gathering column master keys
7/1/2024 8:32:51 PM	Gathering external data sources
7/1/2024 8:32:51 PM	Gathering external file formats
7/1/2024 8:32:51 PM	Gathering external tables
7/1/2024 8:32:51 PM	Gathering XML index compression options
7/1/2024 8:32:51 PM	Gathering extended properties
7/1/2024 8:32:51 PM	Gathering assemblies
7/1/2024 8:32:51 PM	Scanning project for duplicate elements
7/1/2024 8:32:51 PM	Finished duplicate element processing
7/1/2024 8:32:51 PM	Finished importing database.
7/1/2024 8:32:51 PM	A summary of the import was saved to the following location: C:\Users\ZAnway\source\repos\dev\cooking-blog\CookingBlog\CookinBlog.Database.Setup\Import Schema Logs\CookinBlog.Database._20240702023245.log
7/1/2024 8:32:51 PM	Click Finish to continue...
