6/28/2024 3:53:29 PM	This log contains information about the import schema operation into project 'CookinBlog.Database.Setup' on computer 'ZANWAYPC' by user 'ZAnway'.
6/28/2024 3:53:29 PM	Import of database schema has started.
6/28/2024 3:53:34 PM	Gathering database credentials
6/28/2024 3:53:34 PM	Gathering database options
6/28/2024 3:53:34 PM	Gathering generic database scoped configuration option
6/28/2024 3:53:34 PM	Gathering users
6/28/2024 3:53:34 PM	Gathering roles
6/28/2024 3:53:34 PM	Gathering application roles
6/28/2024 3:53:34 PM	Gathering role memberships
6/28/2024 3:53:34 PM	Gathering filegroups
6/28/2024 3:53:34 PM	Gathering full-text catalogs
6/28/2024 3:53:34 PM	Gathering assemblies
6/28/2024 3:53:34 PM	Gathering certificates
6/28/2024 3:53:34 PM	Gathering asymmetric keys
6/28/2024 3:53:34 PM	Gathering symmetric keys
6/28/2024 3:53:34 PM	Gathering encrypted symmetric keys
6/28/2024 3:53:34 PM	Gathering schemas
6/28/2024 3:53:34 PM	Gathering XML schema collections
6/28/2024 3:53:34 PM	Gathering user-defined data types
6/28/2024 3:53:34 PM	Gathering user-defined types
6/28/2024 3:53:34 PM	Gathering table types
6/28/2024 3:53:34 PM	Gathering unique keys for table types
6/28/2024 3:53:34 PM	Gathering primary keys for table types
6/28/2024 3:53:34 PM	Gathering indexes for table types
6/28/2024 3:53:34 PM	Gathering check constraints for table types
6/28/2024 3:53:34 PM	Gathering default constraints for table types
6/28/2024 3:53:34 PM	Gathering partition functions
6/28/2024 3:53:34 PM	Gathering partition schemes
6/28/2024 3:53:34 PM	Gathering functions
6/28/2024 3:53:34 PM	Gathering encrypted functions
6/28/2024 3:53:34 PM	Gathering aggregates
6/28/2024 3:53:34 PM	Gathering procedures
6/28/2024 3:53:34 PM	Gathering encrypted procedures
6/28/2024 3:53:34 PM	Gathering tables
6/28/2024 3:53:34 PM	Gathering primary keys
6/28/2024 3:53:34 PM	Gathering unique constraints
6/28/2024 3:53:34 PM	Gathering foreign keys
6/28/2024 3:53:34 PM	Gathering default constraints
6/28/2024 3:53:34 PM	Gathering check constraints
6/28/2024 3:53:34 PM	Gathering views
6/28/2024 3:53:34 PM	Gathering encrypted views
6/28/2024 3:53:34 PM	Gathering indexes
6/28/2024 3:53:34 PM	Gathering statistics
6/28/2024 3:53:34 PM	Gathering full-text index stoplists
6/28/2024 3:53:34 PM	Gathering search property lists
6/28/2024 3:53:34 PM	Gathering search properties
6/28/2024 3:53:34 PM	Gathering full-text indexes
6/28/2024 3:53:34 PM	Gathering column store indexes
6/28/2024 3:53:34 PM	Gathering spatial indexes
6/28/2024 3:53:34 PM	Gathering XML indexes
6/28/2024 3:53:34 PM	Gathering Selective XML indexes
6/28/2024 3:53:34 PM	Gathering encrypted triggers
6/28/2024 3:53:34 PM	Gathering triggers
6/28/2024 3:53:34 PM	Gathering encrypted and clr ddl triggers
6/28/2024 3:53:34 PM	Gathering ddl triggers
6/28/2024 3:53:34 PM	Creating edge constraints
6/28/2024 3:53:34 PM	Gathering synonyms
6/28/2024 3:53:34 PM	Gathering defaults
6/28/2024 3:53:34 PM	Gathering data constraint uddt bindings
6/28/2024 3:53:34 PM	Gathering rules
6/28/2024 3:53:34 PM	Gathering data constraint uddt bindings
6/28/2024 3:53:34 PM	Gathering message types
6/28/2024 3:53:34 PM	Gathering queues
6/28/2024 3:53:34 PM	Gathering contracts
6/28/2024 3:53:34 PM	Gathering services
6/28/2024 3:53:34 PM	Gathering event notifications
6/28/2024 3:53:34 PM	Gathering remote service bindings
6/28/2024 3:53:34 PM	Gathering broker priorities
6/28/2024 3:53:34 PM	Gathering signatures
6/28/2024 3:53:34 PM	Gathering compression options
6/28/2024 3:53:34 PM	Gathering sequence types
6/28/2024 3:53:34 PM	Gathering security policies
6/28/2024 3:53:34 PM	Gather column encryption keys
6/28/2024 3:53:34 PM	Gathering column master keys
6/28/2024 3:53:34 PM	Gathering external data sources
6/28/2024 3:53:34 PM	Gathering external file formats
6/28/2024 3:53:34 PM	Gathering external tables
6/28/2024 3:53:34 PM	Gathering XML index compression options
6/28/2024 3:53:34 PM	Gathering extended properties
6/28/2024 3:53:34 PM	Gathering assemblies
6/28/2024 3:53:34 PM	Scanning project for duplicate elements
6/28/2024 3:53:35 PM	Finished duplicate element processing
6/28/2024 3:53:35 PM	Finished importing database.
6/28/2024 3:53:35 PM	A summary of the import was saved to the following location: C:\Users\ZAnway\source\repos\dev\cooking-blog\CookingBlog\CookinBlog.Database.Setup\Import Schema Logs\CookinBlog.Database._20240628095329.log
6/28/2024 3:53:35 PM	Click Finish to continue...
